{"type":"server-started","port":63049,"host":"127.0.0.1","url_host":"localhost","url":"http://localhost:63049","screen_dir":"/Users/a1/Desktop/проекты/perfume-store/.superpowers/brainstorm/19553-1779052462/content","state_dir":"/Users/a1/Desktop/проекты/perfume-store/.superpowers/brainstorm/19553-1779052462/state"}
{"type":"screen-added","file":"/Users/a1/Desktop/проекты/perfume-store/.superpowers/brainstorm/19553-1779052462/content/platforms.html"}
{"type":"screen-updated","file":"/Users/a1/Desktop/проекты/perfume-store/.superpowers/brainstorm/19553-1779052462/content/platforms.html"}
{"type":"screen-updated","file":"/Users/a1/Desktop/проекты/perfume-store/.superpowers/brainstorm/19553-1779052462/content/platforms.html"}
{"source":"user-event","type":"click","text":"C\n    \n      Telegram Mini App\n      Открывается внутри Telegram — нативная нижняя панель, MainButton TG, haptic feedback, нет URL-бара","choice":"tg-miniapp","id":null,"timestamp":1779052498413}
{"type":"screen-added","file":"/Users/a1/Desktop/проекты/perfume-store/.superpowers/brainstorm/19553-1779052462/content/tg-miniapp-context.html"}
{"type":"screen-updated","file":"/Users/a1/Desktop/проекты/perfume-store/.superpowers/brainstorm/19553-1779052462/content/tg-miniapp-context.html"}
{"type":"screen-updated","file":"/Users/a1/Desktop/проекты/perfume-store/.superpowers/brainstorm/19553-1779052462/content/tg-miniapp-context.html"}
{"type":"screen-updated","file":"/Users/a1/Desktop/проекты/perfume-store/.superpowers/brainstorm/19553-1779052462/content/tg-miniapp-context.html"}
{"type":"screen-added","file":"/Users/a1/Desktop/проекты/perfume-store/.superpowers/brainstorm/19553-1779052462/content/waiting.html"}
{"type":"screen-updated","file":"/Users/a1/Desktop/проекты/perfume-store/.superpowers/brainstorm/19553-1779052462/content/waiting.html"}
{"type":"screen-updated","file":"/Users/a1/Desktop/проекты/perfume-store/.superpowers/brainstorm/19553-1779052462/content/waiting.html"}
{"type":"screen-updated","file":"/Users/a1/Desktop/проекты/perfume-store/.superpowers/brainstorm/19553-1779052462/content/waiting.html"}
{"type":"screen-added","file":"/Users/a1/Desktop/проекты/perfume-store/.superpowers/brainstorm/19553-1779052462/content/main-cta.html"}
{"type":"screen-updated","file":"/Users/a1/Desktop/проекты/perfume-store/.superpowers/brainstorm/19553-1779052462/content/main-cta.html"}
{"type":"screen-updated","file":"/Users/a1/Desktop/проекты/perfume-store/.superpowers/brainstorm/19553-1779052462/content/main-cta.html"}
{"type":"screen-updated","file":"/Users/a1/Desktop/проекты/perfume-store/.superpowers/brainstorm/19553-1779052462/content/main-cta.html"}
{"source":"user-event","type":"click","text":"A\n    \n      Перейти в каталог\n      Главная — витрина. Показываем лучшие ароматы, всё ведёт в каталог. Hero → featured товары → \"Смотреть всё\"","choice":"catalog","id":null,"timestamp":1779052744811}
{"type":"screen-added","file":"/Users/a1/Desktop/проекты/perfume-store/.superpowers/brainstorm/19553-1779052462/content/bottom-nav.html"}
{"type":"screen-updated","file":"/Users/a1/Desktop/проекты/perfume-store/.superpowers/brainstorm/19553-1779052462/content/bottom-nav.html"}
{"type":"screen-updated","file":"/Users/a1/Desktop/проекты/perfume-store/.superpowers/brainstorm/19553-1779052462/content/bottom-nav.html"}
{"source":"user-event","type":"click","text":"A\n    \n      Минимум: 3 пункта\n      [ 🏠 Главная ] [ 🗂 Каталог ] [ 🛒 Корзина ]\n      Только самое важное. Никаких лишних вкладок. Максимально чисто.","choice":"minimal","id":null,"timestamp":1779052775497}
{"type":"screen-updated","file":"/Users/a1/Desktop/проекты/perfume-store/.superpowers/brainstorm/19553-1779052462/content/bottom-nav.html"}
{"type":"screen-added","file":"/Users/a1/Desktop/проекты/perfume-store/.superpowers/brainstorm/19553-1779052462/content/visual-direction.html"}
{"type":"screen-updated","file":"/Users/a1/Desktop/проекты/perfume-store/.superpowers/brainstorm/19553-1779052462/content/visual-direction.html"}
{"type":"screen-updated","file":"/Users/a1/Desktop/проекты/perfume-store/.superpowers/brainstorm/19553-1779052462/content/visual-direction.html"}
{"type":"screen-updated","file":"/Users/a1/Desktop/проекты/perfume-store/.superpowers/brainstorm/19553-1779052462/content/visual-direction.html"}
{"type":"screen-added","file":"/Users/a1/Desktop/проекты/perfume-store/.superpowers/brainstorm/19553-1779052462/content/catalog-pain.html"}
{"type":"screen-updated","file":"/Users/a1/Desktop/проекты/perfume-store/.superpowers/brainstorm/19553-1779052462/content/catalog-pain.html"}
{"type":"screen-updated","file":"/Users/a1/Desktop/проекты/perfume-store/.superpowers/brainstorm/19553-1779052462/content/catalog-pain.html"}
{"source":"user-event","type":"click","text":"C\n    \n      Нет быстрого добавления в корзину прямо из каталога\n      Нужно заходить на страницу товара чтобы выбрать объём и добавить. Долго.","choice":"no-quick-order","id":null,"timestamp":1779052833247}
{"source":"user-event","type":"click","text":"A\n    \n      Фильтры перегружены\n      Слишком много опций — сезон, интенсивность, тип, формат, гендер, бренд, цена. Большинство пользователей не используют половину.","choice":"filters-heavy","id":null,"timestamp":1779052833995}
{"source":"user-event","type":"click","text":"D\n    \n      Поиск не на виду\n      Поисковая строка в каталоге, но не в хедере — нельзя начать поиск сразу с любой страницы.","choice":"search-buried","id":null,"timestamp":1779052839261}
{"source":"user-event","type":"click","text":"D\n    \n      Поиск не на виду\n      Поисковая строка в каталоге, но не в хедере — нельзя начать поиск сразу с любой страницы.","choice":"search-buried","id":null,"timestamp":1779052842144}
{"type":"screen-added","file":"/Users/a1/Desktop/проекты/perfume-store/.superpowers/brainstorm/19553-1779052462/content/design-homepage.html"}
{"type":"screen-updated","file":"/Users/a1/Desktop/проекты/perfume-store/.superpowers/brainstorm/19553-1779052462/content/design-homepage.html"}
{"type":"screen-updated","file":"/Users/a1/Desktop/проекты/perfume-store/.superpowers/brainstorm/19553-1779052462/content/design-homepage.html"}
{"type":"screen-updated","file":"/Users/a1/Desktop/проекты/perfume-store/.superpowers/brainstorm/19553-1779052462/content/design-homepage.html"}
{"type":"screen-added","file":"/Users/a1/Desktop/проекты/perfume-store/.superpowers/brainstorm/19553-1779052462/content/design-catalog.html"}
{"type":"screen-updated","file":"/Users/a1/Desktop/проекты/perfume-store/.superpowers/brainstorm/19553-1779052462/content/design-catalog.html"}
{"type":"screen-updated","file":"/Users/a1/Desktop/проекты/perfume-store/.superpowers/brainstorm/19553-1779052462/content/design-catalog.html"}
{"type":"screen-updated","file":"/Users/a1/Desktop/проекты/perfume-store/.superpowers/brainstorm/19553-1779052462/content/design-catalog.html"}
